<?xml version="1.0" encoding="UTF-8"?>
<testng-results ignored="0" total="2" passed="1" failed="1" skipped="0">
  <reporter-output>
  </reporter-output>
  <suite started-at="2023-02-08T21:41:07 IST" name="Suite" finished-at="2023-02-08T21:41:26 IST" duration-ms="18623">
    <groups>
    </groups>
    <test started-at="2023-02-08T21:41:07 IST" name="Test" finished-at="2023-02-08T21:41:26 IST" duration-ms="18623">
      <class name="com.webbanking.testcases.TC_LoginPage">
        <test-method is-config="true" signature="beforeSuite()[pri:0, instance:com.webbanking.testcases.TC_LoginPage@55b699ef]" started-at="2023-02-08T21:41:06 IST" name="beforeSuite" finished-at="2023-02-08T21:41:07 IST" duration-ms="980" status="PASS">
          <reporter-output>
          </reporter-output>
        </test-method> <!-- beforeSuite -->
        <test-method is-config="true" signature="beforeMethod(java.lang.String)[pri:0, instance:com.webbanking.testcases.TC_LoginPage@55b699ef]" started-at="2023-02-08T21:41:07 IST" name="beforeMethod" finished-at="2023-02-08T21:41:18 IST" duration-ms="10350" status="PASS">
          <params>
            <param index="0">
              <value>
                <![CDATA[chrome]]>
              </value>
            </param>
          </params>
          <reporter-output>
          </reporter-output>
        </test-method> <!-- beforeMethod -->
        <test-method signature="isCustomerLoginBtnDisplayedTest()[pri:0, instance:com.webbanking.testcases.TC_LoginPage@55b699ef]" started-at="2023-02-08T21:41:18 IST" name="isCustomerLoginBtnDisplayedTest" finished-at="2023-02-08T21:41:18 IST" duration-ms="465" status="PASS">
          <reporter-output>
          </reporter-output>
        </test-method> <!-- isCustomerLoginBtnDisplayedTest -->
        <test-method is-config="true" signature="afterMethod()[pri:0, instance:com.webbanking.testcases.TC_LoginPage@55b699ef]" started-at="2023-02-08T21:41:18 IST" name="afterMethod" finished-at="2023-02-08T21:41:19 IST" duration-ms="839" status="PASS">
          <reporter-output>
          </reporter-output>
        </test-method> <!-- afterMethod -->
        <test-method is-config="true" signature="beforeMethod(java.lang.String)[pri:0, instance:com.webbanking.testcases.TC_LoginPage@55b699ef]" started-at="2023-02-08T21:41:19 IST" name="beforeMethod" finished-at="2023-02-08T21:41:24 IST" duration-ms="5502" status="PASS">
          <params>
            <param index="0">
              <value>
                <![CDATA[chrome]]>
              </value>
            </param>
          </params>
          <reporter-output>
          </reporter-output>
        </test-method> <!-- beforeMethod -->
        <test-method signature="isManagerLoginBtnDisplayedTest()[pri:1, instance:com.webbanking.testcases.TC_LoginPage@55b699ef]" started-at="2023-02-08T21:41:24 IST" name="isManagerLoginBtnDisplayedTest" finished-at="2023-02-08T21:41:25 IST" duration-ms="738" status="FAIL">
          <exception class="java.lang.AssertionError">
            <message>
              <![CDATA[expected [true] but found [false]]]>
            </message>
            <full-stacktrace>
              <![CDATA[java.lang.AssertionError: expected [true] but found [false]
at org.testng.Assert.fail(Assert.java:110)
at org.testng.Assert.failNotEquals(Assert.java:1413)
at org.testng.Assert.assertTrue(Assert.java:56)
at org.testng.Assert.assertTrue(Assert.java:66)
at com.webbanking.testcases.TC_LoginPage.isManagerLoginBtnDisplayedTest(TC_LoginPage.java:71)
at java.base/jdk.internal.reflect.NativeMethodAccessorImpl.invoke0(Native Method)
at java.base/jdk.internal.reflect.NativeMethodAccessorImpl.invoke(NativeMethodAccessorImpl.java:77)
at java.base/jdk.internal.reflect.DelegatingMethodAccessorImpl.invoke(DelegatingMethodAccessorImpl.java:43)
at java.base/java.lang.reflect.Method.invoke(Method.java:568)
at org.testng.internal.invokers.MethodInvocationHelper.invokeMethod(MethodInvocationHelper.java:135)
at org.testng.internal.invokers.TestInvoker.invokeMethod(TestInvoker.java:673)
at org.testng.internal.invokers.TestInvoker.invokeTestMethod(TestInvoker.java:220)
at org.testng.internal.invokers.MethodRunner.runInSequence(MethodRunner.java:50)
at org.testng.internal.invokers.TestInvoker$MethodInvocationAgent.invoke(TestInvoker.java:945)
at org.testng.internal.invokers.TestInvoker.invokeTestMethods(TestInvoker.java:193)
at org.testng.internal.invokers.TestMethodWorker.invokeTestMethods(TestMethodWorker.java:146)
at org.testng.internal.invokers.TestMethodWorker.run(TestMethodWorker.java:128)
at java.base/java.util.ArrayList.forEach(ArrayList.java:1511)
at org.testng.TestRunner.privateRun(TestRunner.java:808)
at org.testng.TestRunner.run(TestRunner.java:603)
at org.testng.SuiteRunner.runTest(SuiteRunner.java:429)
at org.testng.SuiteRunner.runSequentially(SuiteRunner.java:423)
at org.testng.SuiteRunner.privateRun(SuiteRunner.java:383)
at org.testng.SuiteRunner.run(SuiteRunner.java:326)
at org.testng.SuiteRunnerWorker.runSuite(SuiteRunnerWorker.java:52)
at org.testng.SuiteRunnerWorker.run(SuiteRunnerWorker.java:95)
at org.testng.TestNG.runSuitesSequentially(TestNG.java:1249)
at org.testng.TestNG.runSuitesLocally(TestNG.java:1169)
at org.testng.TestNG.runSuites(TestNG.java:1092)
at org.testng.TestNG.run(TestNG.java:1060)
at org.testng.remote.AbstractRemoteTestNG.run(AbstractRemoteTestNG.java:115)
at org.testng.remote.RemoteTestNG.initAndRun(RemoteTestNG.java:251)
at org.testng.remote.RemoteTestNG.main(RemoteTestNG.java:77)
]]>
            </full-stacktrace>
          </exception> <!-- java.lang.AssertionError -->
          <reporter-output>
          </reporter-output>
        </test-method> <!-- isManagerLoginBtnDisplayedTest -->
        <test-method is-config="true" signature="afterMethod()[pri:0, instance:com.webbanking.testcases.TC_LoginPage@55b699ef]" started-at="2023-02-08T21:41:26 IST" name="afterMethod" finished-at="2023-02-08T21:41:26 IST" duration-ms="309" status="PASS">
          <reporter-output>
          </reporter-output>
        </test-method> <!-- afterMethod -->
        <test-method is-config="true" signature="afterSuite()[pri:0, instance:com.webbanking.testcases.TC_LoginPage@55b699ef]" started-at="2023-02-08T21:41:26 IST" name="afterSuite" finished-at="2023-02-08T21:41:27 IST" duration-ms="867" status="PASS">
          <reporter-output>
          </reporter-output>
        </test-method> <!-- afterSuite -->
      </class> <!-- com.webbanking.testcases.TC_LoginPage -->
    </test> <!-- Test -->
  </suite> <!-- Suite -->
</testng-results>
